# JRE version: OpenJDK Runtime Environment (21.0.2+13) (build 21.0.2+13-58)
# Java VM: OpenJDK 64-Bit Server VM (21.0.2+13-58, mixed mode, sharing, tiered, compressed oops, compressed class ptrs, g1 gc, windows-amd64)
GC Precious Log:
 CardTable entry size: 512
 Card Set container configuration: InlinePtr #cards 4 size 8 Array Of Cards #cards 16 size 48 Howl #buckets 8 coarsen threshold 3686 Howl Bitmap #cards 512 size 80 coarsen threshold 460 Card regions per heap region 1 cards per card region 4096
 CPUs: 4 total, 4 available
 Memory: 12211M
 Large Page Support: Disabled
 NUMA Support: Disabled
 Compressed Oops: Enabled (Zero based)
 Heap Region Size: 2M
 Heap Min Capacity: 8M
 Heap Initial Capacity: 192M
 Heap Max Capacity: 3054M
 Pre-touch: Disabled
 Parallel Workers: 4
 Concurrent Workers: 1
 Concurrent Refinement Workers: 4
 Periodic GC: Disabled
Heap:
 garbage-first heap   total 102400K, used 65989K [0x0000000741200000, 0x0000000800000000)
  region size 2048K, 5 young (10240K), 3 survivors (6144K)
 Metaspace       used 61884K, committed 62656K, reserved 1114112K
  class space    used 7053K, committed 7424K, reserved 1048576K
GC Heap History (20 events):
Event: 10.940 GC heap before
{Heap before GC invocations=10 (full 0):
 garbage-first heap   total 63488K, used 53146K [0x0000000741200000, 0x0000000800000000)
  region size 2048K, 13 young (26624K), 2 survivors (4096K)
 Metaspace       used 41165K, committed 41920K, reserved 1114112K
  class space    used 5125K, committed 5504K, reserved 1048576K
}
Event: 10.955 GC heap after
{Heap after GC invocations=11 (full 0):
 garbage-first heap   total 63488K, used 31535K [0x0000000741200000, 0x0000000800000000)
  region size 2048K, 1 young (2048K), 1 survivors (2048K)
 Metaspace       used 41165K, committed 41920K, reserved 1114112K
  class space    used 5125K, committed 5504K, reserved 1048576K
}
Event: 11.562 GC heap before
{Heap before GC invocations=11 (full 0):
 garbage-first heap   total 63488K, used 54063K [0x0000000741200000, 0x0000000800000000)
  region size 2048K, 12 young (24576K), 1 survivors (2048K)
 Metaspace       used 42939K, committed 43712K, reserved 1114112K
  class space    used 5317K, committed 5696K, reserved 1048576K
}
Event: 11.572 GC heap after
{Heap after GC invocations=12 (full 0):
 garbage-first heap   total 77824K, used 33757K [0x0000000741200000, 0x0000000800000000)
  region size 2048K, 2 young (4096K), 2 survivors (4096K)
 Metaspace       used 42939K, committed 43712K, reserved 1114112K
  class space    used 5317K, committed 5696K, reserved 1048576K
}
Event: 13.574 GC heap before
{Heap before GC invocations=13 (full 0):
 garbage-first heap   total 77824K, used 66525K [0x0000000741200000, 0x0000000800000000)
  region size 2048K, 18 young (36864K), 2 survivors (4096K)
 Metaspace       used 45636K, committed 46464K, reserved 1114112K
  class space    used 5498K, committed 5888K, reserved 1048576K
}
Event: 13.599 GC heap after
{Heap after GC invocations=14 (full 0):
 garbage-first heap   total 77824K, used 39297K [0x0000000741200000, 0x0000000800000000)
  region size 2048K, 3 young (6144K), 3 survivors (6144K)
 Metaspace       used 45636K, committed 46464K, reserved 1114112K
  class space    used 5498K, committed 5888K, reserved 1048576K
}
Event: 14.314 GC heap before
{Heap before GC invocations=14 (full 0):
 garbage-first heap   total 77824K, used 63873K [0x0000000741200000, 0x0000000800000000)
  region size 2048K, 15 young (30720K), 3 survivors (6144K)
 Metaspace       used 46001K, committed 46784K, reserved 1114112K
  class space    used 5525K, committed 5888K, reserved 1048576K
}
Event: 14.351 GC heap after
{Heap after GC invocations=15 (full 0):
 garbage-first heap   total 77824K, used 43494K [0x0000000741200000, 0x0000000800000000)
  region size 2048K, 2 young (4096K), 2 survivors (4096K)
 Metaspace       used 46001K, committed 46784K, reserved 1114112K
  class space    used 5525K, committed 5888K, reserved 1048576K
}
Event: 14.463 GC heap before
{Heap before GC invocations=15 (full 0):
 garbage-first heap   total 77824K, used 66022K [0x0000000741200000, 0x0000000800000000)
  region size 2048K, 13 young (26624K), 2 survivors (4096K)
 Metaspace       used 46099K, committed 46848K, reserved 1114112K
  class space    used 5532K, committed 5888K, reserved 1048576K
}
Event: 14.473 GC heap after
{Heap after GC invocations=16 (full 0):
 garbage-first heap   total 77824K, used 44536K [0x0000000741200000, 0x0000000800000000)
  region size 2048K, 1 young (2048K), 1 survivors (2048K)
 Metaspace       used 46099K, committed 46848K, reserved 1114112K
  class space    used 5532K, committed 5888K, reserved 1048576K
}
Event: 15.136 GC heap before
{Heap before GC invocations=17 (full 0):
 garbage-first heap   total 102400K, used 65016K [0x0000000741200000, 0x0000000800000000)
  region size 2048K, 12 young (24576K), 1 survivors (2048K)
 Metaspace       used 47580K, committed 48320K, reserved 1114112K
  class space    used 5711K, committed 6080K, reserved 1048576K
}
Event: 15.140 GC heap after
{Heap after GC invocations=18 (full 0):
 garbage-first heap   total 102400K, used 44923K [0x0000000741200000, 0x0000000800000000)
  region size 2048K, 1 young (2048K), 1 survivors (2048K)
 Metaspace       used 47580K, committed 48320K, reserved 1114112K
  class space    used 5711K, committed 6080K, reserved 1048576K
}
Event: 18.766 GC heap before
{Heap before GC invocations=18 (full 0):
 garbage-first heap   total 102400K, used 89979K [0x0000000741200000, 0x0000000800000000)
  region size 2048K, 23 young (47104K), 1 survivors (2048K)
 Metaspace       used 49762K, committed 50496K, reserved 1114112K
  class space    used 5913K, committed 6272K, reserved 1048576K
}
Event: 18.793 GC heap after
{Heap after GC invocations=19 (full 0):
 garbage-first heap   total 102400K, used 51903K [0x0000000741200000, 0x0000000800000000)
  region size 2048K, 3 young (6144K), 3 survivors (6144K)
 Metaspace       used 49762K, committed 50496K, reserved 1114112K
  class space    used 5913K, committed 6272K, reserved 1048576K
}
Event: 21.491 GC heap before
{Heap before GC invocations=19 (full 0):
 garbage-first heap   total 102400K, used 88767K [0x0000000741200000, 0x0000000800000000)
  region size 2048K, 21 young (43008K), 3 survivors (6144K)
 Metaspace       used 52884K, committed 53696K, reserved 1114112K
  class space    used 6165K, committed 6528K, reserved 1048576K
}
Event: 21.517 GC heap after
{Heap after GC invocations=20 (full 0):
 garbage-first heap   total 102400K, used 56889K [0x0000000741200000, 0x0000000800000000)
  region size 2048K, 3 young (6144K), 3 survivors (6144K)
 Metaspace       used 52884K, committed 53696K, reserved 1114112K
  class space    used 6165K, committed 6528K, reserved 1048576K
}
Event: 22.907 GC heap before
{Heap before GC invocations=21 (full 0):
 garbage-first heap   total 102400K, used 87609K [0x0000000741200000, 0x0000000800000000)
  region size 2048K, 18 young (36864K), 3 survivors (6144K)
 Metaspace       used 58027K, committed 58752K, reserved 1114112K
  class space    used 6630K, committed 6976K, reserved 1048576K
}
Event: 22.928 GC heap after
{Heap after GC invocations=22 (full 0):
 garbage-first heap   total 102400K, used 60230K [0x0000000741200000, 0x0000000800000000)
  region size 2048K, 2 young (4096K), 2 survivors (4096K)
 Metaspace       used 58027K, committed 58752K, reserved 1114112K
  class space    used 6630K, committed 6976K, reserved 1048576K
}
Event: 26.688 GC heap before
{Heap before GC invocations=22 (full 0):
 garbage-first heap   total 102400K, used 88902K [0x0000000741200000, 0x0000000800000000)
  region size 2048K, 17 young (34816K), 2 survivors (4096K)
 Metaspace       used 61437K, committed 62208K, reserved 1114112K
  class space    used 7022K, committed 7424K, reserved 1048576K
}
Event: 26.725 GC heap after
{Heap after GC invocations=23 (full 0):
 garbage-first heap   total 102400K, used 63941K [0x0000000741200000, 0x0000000800000000)
  region size 2048K, 3 young (6144K), 3 survivors (6144K)
 Metaspace       used 61437K, committed 62208K, reserved 1114112K
  class space    used 7022K, committed 7424K, reserved 1048576K
}

